ARM GAS  /tmp/ccqhNwCR.s 			page 1


   1              		.syntax unified
   2              		.cpu cortex-m0
   3              		.fpu softvfp
   4              		.eabi_attribute 20, 1
   5              		.eabi_attribute 21, 1
   6              		.eabi_attribute 23, 3
   7              		.eabi_attribute 24, 1
   8              		.eabi_attribute 25, 1
   9              		.eabi_attribute 26, 1
  10              		.eabi_attribute 30, 1
  11              		.eabi_attribute 34, 0
  12              		.eabi_attribute 18, 4
  13              		.thumb
  14              		.syntax unified
  15              		.file	"gpio.c"
  16              		.text
  17              	.Ltext0:
  18              		.cfi_sections	.debug_frame
  19              		.section	.text.MX_GPIO_Init,"ax",%progbits
  20              		.align	2
  21              		.global	MX_GPIO_Init
  22              		.code	16
  23              		.thumb_func
  25              	MX_GPIO_Init:
  26              	.LFB35:
  27              		.file 1 "Core/Src/gpio.c"
   1:Core/Src/gpio.c **** /**
   2:Core/Src/gpio.c ****   ******************************************************************************
   3:Core/Src/gpio.c ****   * File Name          : gpio.c
   4:Core/Src/gpio.c ****   * Description        : This file provides code for the configuration
   5:Core/Src/gpio.c ****   *                      of all used GPIO pins.
   6:Core/Src/gpio.c ****   ******************************************************************************
   7:Core/Src/gpio.c ****   * @attention
   8:Core/Src/gpio.c ****   *
   9:Core/Src/gpio.c ****   * <h2><center>&copy; Copyright (c) 2019 STMicroelectronics.
  10:Core/Src/gpio.c ****   * All rights reserved.</center></h2>
  11:Core/Src/gpio.c ****   *
  12:Core/Src/gpio.c ****   * This software component is licensed by ST under BSD 3-Clause license,
  13:Core/Src/gpio.c ****   * the "License"; You may not use this file except in compliance with the
  14:Core/Src/gpio.c ****   * License. You may obtain a copy of the License at:
  15:Core/Src/gpio.c ****   *                        opensource.org/licenses/BSD-3-Clause
  16:Core/Src/gpio.c ****   *
  17:Core/Src/gpio.c ****   ******************************************************************************
  18:Core/Src/gpio.c ****   */
  19:Core/Src/gpio.c **** 
  20:Core/Src/gpio.c **** /* Includes ------------------------------------------------------------------*/
  21:Core/Src/gpio.c **** #include "gpio.h"
  22:Core/Src/gpio.c **** /* USER CODE BEGIN 0 */
  23:Core/Src/gpio.c **** 
  24:Core/Src/gpio.c **** /* USER CODE END 0 */
  25:Core/Src/gpio.c **** 
  26:Core/Src/gpio.c **** /*----------------------------------------------------------------------------*/
  27:Core/Src/gpio.c **** /* Configure GPIO                                                             */
  28:Core/Src/gpio.c **** /*----------------------------------------------------------------------------*/
  29:Core/Src/gpio.c **** /* USER CODE BEGIN 1 */
  30:Core/Src/gpio.c **** 
  31:Core/Src/gpio.c **** /* USER CODE END 1 */
ARM GAS  /tmp/ccqhNwCR.s 			page 2


  32:Core/Src/gpio.c **** 
  33:Core/Src/gpio.c **** /** Configure pins as 
  34:Core/Src/gpio.c ****         * Analog 
  35:Core/Src/gpio.c ****         * Input 
  36:Core/Src/gpio.c ****         * Output
  37:Core/Src/gpio.c ****         * EVENT_OUT
  38:Core/Src/gpio.c ****         * EXTI
  39:Core/Src/gpio.c ****         * Free pins are configured automatically as Analog (this feature is enabled through 
  40:Core/Src/gpio.c ****         * the Code Generation settings)
  41:Core/Src/gpio.c **** */
  42:Core/Src/gpio.c **** void MX_GPIO_Init(void)
  43:Core/Src/gpio.c **** {
  28              		.loc 1 43 0
  29              		.cfi_startproc
  30              		@ args = 0, pretend = 0, frame = 32
  31              		@ frame_needed = 0, uses_anonymous_args = 0
  32 0000 F0B5     		push	{r4, r5, r6, r7, lr}
  33              	.LCFI0:
  34              		.cfi_def_cfa_offset 20
  35              		.cfi_offset 4, -20
  36              		.cfi_offset 5, -16
  37              		.cfi_offset 6, -12
  38              		.cfi_offset 7, -8
  39              		.cfi_offset 14, -4
  40 0002 5F46     		mov	r7, fp
  41 0004 80B4     		push	{r7}
  42              	.LCFI1:
  43              		.cfi_def_cfa_offset 24
  44              		.cfi_offset 11, -24
  45 0006 88B0     		sub	sp, sp, #32
  46              	.LCFI2:
  47              		.cfi_def_cfa_offset 56
  44:Core/Src/gpio.c **** 
  45:Core/Src/gpio.c ****   GPIO_InitTypeDef GPIO_InitStruct = {0};
  48              		.loc 1 45 0
  49 0008 1422     		movs	r2, #20
  50 000a 0021     		movs	r1, #0
  51 000c 03A8     		add	r0, sp, #12
  52 000e FFF7FEFF 		bl	memset
  53              	.LVL0:
  54              	.LBB2:
  46:Core/Src/gpio.c **** 
  47:Core/Src/gpio.c ****   /* GPIO Ports Clock Enable */
  48:Core/Src/gpio.c ****   __HAL_RCC_GPIOF_CLK_ENABLE();
  55              		.loc 1 48 0
  56 0012 354B     		ldr	r3, .L2
  57 0014 5969     		ldr	r1, [r3, #20]
  58 0016 8022     		movs	r2, #128
  59 0018 D203     		lsls	r2, r2, #15
  60 001a 1143     		orrs	r1, r2
  61 001c 5961     		str	r1, [r3, #20]
  62 001e 5969     		ldr	r1, [r3, #20]
  63 0020 0A40     		ands	r2, r1
  64 0022 0092     		str	r2, [sp]
  65 0024 009A     		ldr	r2, [sp]
  66              	.LBE2:
  67              	.LBB3:
ARM GAS  /tmp/ccqhNwCR.s 			page 3


  49:Core/Src/gpio.c ****   __HAL_RCC_GPIOA_CLK_ENABLE();
  68              		.loc 1 49 0
  69 0026 5969     		ldr	r1, [r3, #20]
  70 0028 8022     		movs	r2, #128
  71 002a 9202     		lsls	r2, r2, #10
  72 002c 1143     		orrs	r1, r2
  73 002e 5961     		str	r1, [r3, #20]
  74 0030 5969     		ldr	r1, [r3, #20]
  75 0032 0A40     		ands	r2, r1
  76 0034 0192     		str	r2, [sp, #4]
  77 0036 019A     		ldr	r2, [sp, #4]
  78              	.LBE3:
  79              	.LBB4:
  50:Core/Src/gpio.c ****   __HAL_RCC_GPIOB_CLK_ENABLE();
  80              		.loc 1 50 0
  81 0038 5969     		ldr	r1, [r3, #20]
  82 003a 8022     		movs	r2, #128
  83 003c D202     		lsls	r2, r2, #11
  84 003e 1143     		orrs	r1, r2
  85 0040 5961     		str	r1, [r3, #20]
  86 0042 5B69     		ldr	r3, [r3, #20]
  87 0044 1A40     		ands	r2, r3
  88 0046 0292     		str	r2, [sp, #8]
  89 0048 029B     		ldr	r3, [sp, #8]
  90              	.LBE4:
  51:Core/Src/gpio.c **** 
  52:Core/Src/gpio.c ****   /*Configure GPIO pin Output Level */
  53:Core/Src/gpio.c ****   HAL_GPIO_WritePin(LEDW_GPIO_Port, LEDW_Pin, GPIO_PIN_RESET);
  91              		.loc 1 53 0
  92 004a 0022     		movs	r2, #0
  93 004c 0121     		movs	r1, #1
  94 004e 2748     		ldr	r0, .L2+4
  95 0050 FFF7FEFF 		bl	HAL_GPIO_WritePin
  96              	.LVL1:
  54:Core/Src/gpio.c **** 
  55:Core/Src/gpio.c ****   /*Configure GPIO pin Output Level */
  56:Core/Src/gpio.c ****   HAL_GPIO_WritePin(GPIOA, LED5_Pin|LED0_Pin|LED1_Pin|LED4_Pin 
  97              		.loc 1 56 0
  98 0054 DA23     		movs	r3, #218
  99 0056 DB00     		lsls	r3, r3, #3
 100 0058 9B46     		mov	fp, r3
 101 005a 0022     		movs	r2, #0
 102 005c 1900     		movs	r1, r3
 103 005e 9020     		movs	r0, #144
 104 0060 C005     		lsls	r0, r0, #23
 105 0062 FFF7FEFF 		bl	HAL_GPIO_WritePin
 106              	.LVL2:
  57:Core/Src/gpio.c ****                           |LED3_Pin, GPIO_PIN_RESET);
  58:Core/Src/gpio.c **** 
  59:Core/Src/gpio.c ****   /*Configure GPIO pin Output Level */
  60:Core/Src/gpio.c ****   HAL_GPIO_WritePin(LED2_GPIO_Port, LED2_Pin, GPIO_PIN_RESET);
 107              		.loc 1 60 0
 108 0066 0022     		movs	r2, #0
 109 0068 0221     		movs	r1, #2
 110 006a 2148     		ldr	r0, .L2+8
 111 006c FFF7FEFF 		bl	HAL_GPIO_WritePin
 112              	.LVL3:
ARM GAS  /tmp/ccqhNwCR.s 			page 4


  61:Core/Src/gpio.c **** 
  62:Core/Src/gpio.c ****   /*Configure GPIO pin : PtPin */
  63:Core/Src/gpio.c ****   GPIO_InitStruct.Pin = LEDW_Pin;
 113              		.loc 1 63 0
 114 0070 0127     		movs	r7, #1
 115 0072 0397     		str	r7, [sp, #12]
  64:Core/Src/gpio.c ****   GPIO_InitStruct.Mode = GPIO_MODE_OUTPUT_PP;
 116              		.loc 1 64 0
 117 0074 0497     		str	r7, [sp, #16]
  65:Core/Src/gpio.c ****   GPIO_InitStruct.Pull = GPIO_NOPULL;
 118              		.loc 1 65 0
 119 0076 0024     		movs	r4, #0
 120 0078 0594     		str	r4, [sp, #20]
  66:Core/Src/gpio.c ****   GPIO_InitStruct.Speed = GPIO_SPEED_FREQ_LOW;
 121              		.loc 1 66 0
 122 007a 0694     		str	r4, [sp, #24]
  67:Core/Src/gpio.c ****   HAL_GPIO_Init(LEDW_GPIO_Port, &GPIO_InitStruct);
 123              		.loc 1 67 0
 124 007c 03A9     		add	r1, sp, #12
 125 007e 1B48     		ldr	r0, .L2+4
 126 0080 FFF7FEFF 		bl	HAL_GPIO_Init
 127              	.LVL4:
  68:Core/Src/gpio.c **** 
  69:Core/Src/gpio.c ****   /*Configure GPIO pin : PF1 */
  70:Core/Src/gpio.c ****   GPIO_InitStruct.Pin = GPIO_PIN_1;
 128              		.loc 1 70 0
 129 0084 0226     		movs	r6, #2
 130 0086 0396     		str	r6, [sp, #12]
  71:Core/Src/gpio.c ****   GPIO_InitStruct.Mode = GPIO_MODE_ANALOG;
 131              		.loc 1 71 0
 132 0088 0325     		movs	r5, #3
 133 008a 0495     		str	r5, [sp, #16]
  72:Core/Src/gpio.c ****   GPIO_InitStruct.Pull = GPIO_NOPULL;
 134              		.loc 1 72 0
 135 008c 0594     		str	r4, [sp, #20]
  73:Core/Src/gpio.c ****   HAL_GPIO_Init(GPIOF, &GPIO_InitStruct);
 136              		.loc 1 73 0
 137 008e 03A9     		add	r1, sp, #12
 138 0090 1648     		ldr	r0, .L2+4
 139 0092 FFF7FEFF 		bl	HAL_GPIO_Init
 140              	.LVL5:
  74:Core/Src/gpio.c **** 
  75:Core/Src/gpio.c ****   /*Configure GPIO pins : PAPin PAPin */
  76:Core/Src/gpio.c ****   GPIO_InitStruct.Pin = SHAKE_Pin|BUTTON_Pin;
 141              		.loc 1 76 0
 142 0096 0C23     		movs	r3, #12
 143 0098 0393     		str	r3, [sp, #12]
  77:Core/Src/gpio.c ****   GPIO_InitStruct.Mode = GPIO_MODE_INPUT;
 144              		.loc 1 77 0
 145 009a 0494     		str	r4, [sp, #16]
  78:Core/Src/gpio.c ****   GPIO_InitStruct.Pull = GPIO_NOPULL;
 146              		.loc 1 78 0
 147 009c 0594     		str	r4, [sp, #20]
  79:Core/Src/gpio.c ****   HAL_GPIO_Init(GPIOA, &GPIO_InitStruct);
 148              		.loc 1 79 0
 149 009e 03A9     		add	r1, sp, #12
 150 00a0 9020     		movs	r0, #144
ARM GAS  /tmp/ccqhNwCR.s 			page 5


 151 00a2 C005     		lsls	r0, r0, #23
 152 00a4 FFF7FEFF 		bl	HAL_GPIO_Init
 153              	.LVL6:
  80:Core/Src/gpio.c **** 
  81:Core/Src/gpio.c ****   /*Configure GPIO pins : PAPin PAPin PAPin PAPin 
  82:Core/Src/gpio.c ****                            PAPin */
  83:Core/Src/gpio.c ****   GPIO_InitStruct.Pin = LED5_Pin|LED0_Pin|LED1_Pin|LED4_Pin 
 154              		.loc 1 83 0
 155 00a8 5B46     		mov	r3, fp
 156 00aa 0393     		str	r3, [sp, #12]
  84:Core/Src/gpio.c ****                           |LED3_Pin;
  85:Core/Src/gpio.c ****   GPIO_InitStruct.Mode = GPIO_MODE_OUTPUT_PP;
 157              		.loc 1 85 0
 158 00ac 0497     		str	r7, [sp, #16]
  86:Core/Src/gpio.c ****   GPIO_InitStruct.Pull = GPIO_NOPULL;
 159              		.loc 1 86 0
 160 00ae 0594     		str	r4, [sp, #20]
  87:Core/Src/gpio.c ****   GPIO_InitStruct.Speed = GPIO_SPEED_FREQ_LOW;
 161              		.loc 1 87 0
 162 00b0 0694     		str	r4, [sp, #24]
  88:Core/Src/gpio.c ****   HAL_GPIO_Init(GPIOA, &GPIO_InitStruct);
 163              		.loc 1 88 0
 164 00b2 03A9     		add	r1, sp, #12
 165 00b4 9020     		movs	r0, #144
 166 00b6 C005     		lsls	r0, r0, #23
 167 00b8 FFF7FEFF 		bl	HAL_GPIO_Init
 168              	.LVL7:
  89:Core/Src/gpio.c **** 
  90:Core/Src/gpio.c ****   /*Configure GPIO pin : PA5 */
  91:Core/Src/gpio.c ****   GPIO_InitStruct.Pin = GPIO_PIN_5;
 169              		.loc 1 91 0
 170 00bc 2023     		movs	r3, #32
 171 00be 0393     		str	r3, [sp, #12]
  92:Core/Src/gpio.c ****   GPIO_InitStruct.Mode = GPIO_MODE_ANALOG;
 172              		.loc 1 92 0
 173 00c0 0495     		str	r5, [sp, #16]
  93:Core/Src/gpio.c ****   GPIO_InitStruct.Pull = GPIO_NOPULL;
 174              		.loc 1 93 0
 175 00c2 0594     		str	r4, [sp, #20]
  94:Core/Src/gpio.c ****   HAL_GPIO_Init(GPIOA, &GPIO_InitStruct);
 176              		.loc 1 94 0
 177 00c4 03A9     		add	r1, sp, #12
 178 00c6 9020     		movs	r0, #144
 179 00c8 C005     		lsls	r0, r0, #23
 180 00ca FFF7FEFF 		bl	HAL_GPIO_Init
 181              	.LVL8:
  95:Core/Src/gpio.c **** 
  96:Core/Src/gpio.c ****   /*Configure GPIO pin : PtPin */
  97:Core/Src/gpio.c ****   GPIO_InitStruct.Pin = LED2_Pin;
 182              		.loc 1 97 0
 183 00ce 0396     		str	r6, [sp, #12]
  98:Core/Src/gpio.c ****   GPIO_InitStruct.Mode = GPIO_MODE_OUTPUT_PP;
 184              		.loc 1 98 0
 185 00d0 0497     		str	r7, [sp, #16]
  99:Core/Src/gpio.c ****   GPIO_InitStruct.Pull = GPIO_NOPULL;
 186              		.loc 1 99 0
 187 00d2 0594     		str	r4, [sp, #20]
ARM GAS  /tmp/ccqhNwCR.s 			page 6


 100:Core/Src/gpio.c ****   GPIO_InitStruct.Speed = GPIO_SPEED_FREQ_LOW;
 188              		.loc 1 100 0
 189 00d4 0694     		str	r4, [sp, #24]
 101:Core/Src/gpio.c ****   HAL_GPIO_Init(LED2_GPIO_Port, &GPIO_InitStruct);
 190              		.loc 1 101 0
 191 00d6 03A9     		add	r1, sp, #12
 192 00d8 0548     		ldr	r0, .L2+8
 193 00da FFF7FEFF 		bl	HAL_GPIO_Init
 194              	.LVL9:
 102:Core/Src/gpio.c **** 
 103:Core/Src/gpio.c **** }
 195              		.loc 1 103 0
 196 00de 08B0     		add	sp, sp, #32
 197              		@ sp needed
 198 00e0 04BC     		pop	{r2}
 199 00e2 9346     		mov	fp, r2
 200 00e4 F0BD     		pop	{r4, r5, r6, r7, pc}
 201              	.L3:
 202 00e6 C046     		.align	2
 203              	.L2:
 204 00e8 00100240 		.word	1073876992
 205 00ec 00140048 		.word	1207964672
 206 00f0 00040048 		.word	1207960576
 207              		.cfi_endproc
 208              	.LFE35:
 210              		.text
 211              	.Letext0:
 212              		.file 2 "/usr/include/newlib/machine/_default_types.h"
 213              		.file 3 "/usr/include/newlib/sys/_stdint.h"
 214              		.file 4 "Drivers/CMSIS/Device/ST/STM32F0xx/Include/stm32f030x6.h"
 215              		.file 5 "Drivers/STM32F0xx_HAL_Driver/Inc/stm32f0xx_hal_gpio.h"
ARM GAS  /tmp/ccqhNwCR.s 			page 7


DEFINED SYMBOLS
                            *ABS*:0000000000000000 gpio.c
     /tmp/ccqhNwCR.s:20     .text.MX_GPIO_Init:0000000000000000 $t
     /tmp/ccqhNwCR.s:25     .text.MX_GPIO_Init:0000000000000000 MX_GPIO_Init
     /tmp/ccqhNwCR.s:204    .text.MX_GPIO_Init:00000000000000e8 $d
                     .debug_frame:0000000000000010 $d

UNDEFINED SYMBOLS
memset
HAL_GPIO_WritePin
HAL_GPIO_Init
